<?xml version="1.0" encoding="UTF-8"?>
<!-- Generated by org.testng.reporters.JUnitReportReporter -->
<testsuite hostname="DESKTOP-7GMNO6G" failures="0" tests="1" name="Scripts.TestCase1" time="71.397" errors="0" timestamp="2023-10-27T10:56:19 IST" skipped="0">
  <testcase classname="Scripts.TestCase1" name="tc1" time="71.397"/>
</testsuite> <!-- Scripts.TestCase1 -->
