<?xml version="1.0" encoding="UTF-8"?>
<!-- Generated by org.testng.reporters.JUnitReportReporter -->
<testsuite hostname="DESKTOP-7GMNO6G" failures="0" tests="1" name="Scripts.TestCase2" time="16.124" errors="0" timestamp="2023-10-27T11:06:59 IST" skipped="0">
  <testcase classname="Scripts.TestCase2" name="tc2" time="16.124"/>
</testsuite> <!-- Scripts.TestCase2 -->
